Using pre-set license
Built from '2021.3/staging' branch; Version is '2021.3.23f1 (213b516bf396) revision 2177873'; Using compiler version '192829333'; Build Type 'Release'
OS: 'Windows 10  (10.0.17763) 64bit EnterpriseS' Language: 'ru' Physical Memory: 32690 MB
BatchMode: 1, IsHumanControllingUs: 0, StartBugReporterOnCrash: 0, Is64bit: 1, IsPro: 1

COMMAND LINE ARGUMENTS:
C:\Unity\Unity 2021.3.23f1\Editor\Unity.exe
-adb2
-batchMode
-noUpm
-name
AssetImportWorker2
-projectPath
F:/Projects/GIT_Projects/CVR_Mods/VRBattery/UnityProject/[CVR_MOD]_VRBatteryIndicator
-logFile
Logs/AssetImportWorker2.log
-srvPort
51523
Successfully changed project path to: F:/Projects/GIT_Projects/CVR_Mods/VRBattery/UnityProject/[CVR_MOD]_VRBatteryIndicator
F:/Projects/GIT_Projects/CVR_Mods/VRBattery/UnityProject/[CVR_MOD]_VRBatteryIndicator
[UnityMemory] Configuration Parameters - Can be set up in boot.config
    "memorysetup-bucket-allocator-granularity=16"
    "memorysetup-bucket-allocator-bucket-count=8"
    "memorysetup-bucket-allocator-block-size=33554432"
    "memorysetup-bucket-allocator-block-count=8"
    "memorysetup-main-allocator-block-size=16777216"
    "memorysetup-thread-allocator-block-size=16777216"
    "memorysetup-gfx-main-allocator-block-size=16777216"
    "memorysetup-gfx-thread-allocator-block-size=16777216"
    "memorysetup-cache-allocator-block-size=4194304"
    "memorysetup-typetree-allocator-block-size=2097152"
    "memorysetup-profiler-bucket-allocator-granularity=16"
    "memorysetup-profiler-bucket-allocator-bucket-count=8"
    "memorysetup-profiler-bucket-allocator-block-size=33554432"
    "memorysetup-profiler-bucket-allocator-block-count=8"
    "memorysetup-profiler-allocator-block-size=16777216"
    "memorysetup-profiler-editor-allocator-block-size=1048576"
    "memorysetup-temp-allocator-size-main=16777216"
    "memorysetup-job-temp-allocator-block-size=2097152"
    "memorysetup-job-temp-allocator-block-size-background=1048576"
    "memorysetup-job-temp-allocator-reduction-small-platforms=262144"
    "memorysetup-temp-allocator-size-background-worker=32768"
    "memorysetup-temp-allocator-size-job-worker=262144"
    "memorysetup-temp-allocator-size-preload-manager=33554432"
    "memorysetup-temp-allocator-size-nav-mesh-worker=65536"
    "memorysetup-temp-allocator-size-audio-worker=65536"
    "memorysetup-temp-allocator-size-cloud-worker=32768"
    "memorysetup-temp-allocator-size-gi-baking-worker=262144"
    "memorysetup-temp-allocator-size-gfx=262144"
Player connection [22556] Host "[IP] 192.168.0.20 [Port] 0 [Flags] 2 [Guid] 748911716 [EditorId] 748911716 [Version] 1048832 [Id] WindowsEditor(7,HeoDesktop) [Debug] 1 [PackageName] WindowsEditor [ProjectName] Editor" joined multi-casting on [225.0.0.222:54997]...

Player connection [22556] Host "[IP] 192.168.0.20 [Port] 0 [Flags] 2 [Guid] 748911716 [EditorId] 748911716 [Version] 1048832 [Id] WindowsEditor(7,HeoDesktop) [Debug] 1 [PackageName] WindowsEditor [ProjectName] Editor" joined alternative multi-casting on [225.0.0.222:34997]...

Refreshing native plugins compatible for Editor in 97.94 ms, found 3 plugins.
Preloading 0 native plugins for Editor in 0.00 ms.
Initialize engine version: 2021.3.23f1 (213b516bf396)
[Subsystems] Discovering subsystems at path C:/Unity/Unity 2021.3.23f1/Editor/Data/Resources/UnitySubsystems
[Subsystems] Discovering subsystems at path F:/Projects/GIT_Projects/CVR_Mods/VRBattery/UnityProject/[CVR_MOD]_VRBatteryIndicator/Assets
GfxDevice: creating device client; threaded=0; jobified=0
Direct3D:
    Version:  Direct3D 11.0 [level 11.1]
    Renderer: NVIDIA GeForce RTX 3070 (ID=0x2484)
    Vendor:   NVIDIA
    VRAM:     8018 MB
    Driver:   32.0.15.6614
Initialize mono
Mono path[0] = 'C:/Unity/Unity 2021.3.23f1/Editor/Data/Managed'
Mono path[1] = 'C:/Unity/Unity 2021.3.23f1/Editor/Data/MonoBleedingEdge/lib/mono/unityjit-win32'
Mono config path = 'C:/Unity/Unity 2021.3.23f1/Editor/Data/MonoBleedingEdge/etc'
Using monoOptions --debugger-agent=transport=dt_socket,embedding=1,server=y,suspend=n,address=127.0.0.1:56316
Begin MonoManager ReloadAssembly
Registering precompiled unity dll's ...
Register platform support module: C:/Unity/Unity 2021.3.23f1/Editor/Data/PlaybackEngines/WindowsStandaloneSupport/UnityEditor.WindowsStandalone.Extensions.dll
Registered in 0.003608 seconds.
Native extension for WindowsStandalone target not found
Refreshing native plugins compatible for Editor in 93.67 ms, found 3 plugins.
Preloading 0 native plugins for Editor in 0.00 ms.
Mono: successfully reloaded assembly
- Completed reload, in  0.711 seconds
Domain Reload Profiling:
	ReloadAssembly (711ms)
		BeginReloadAssembly (79ms)
			ExecutionOrderSort (0ms)
			DisableScriptedObjects (0ms)
			BackupInstance (0ms)
			ReleaseScriptingObjects (0ms)
			CreateAndSetChildDomain (1ms)
		EndReloadAssembly (542ms)
			LoadAssemblies (77ms)
			RebuildTransferFunctionScriptingTraits (0ms)
			SetupTypeCache (108ms)
			ReleaseScriptCaches (0ms)
			RebuildScriptCaches (27ms)
			SetupLoadedEditorAssemblies (355ms)
				LogAssemblyErrors (0ms)
				InitializePlatformSupportModulesInManaged (6ms)
				SetLoadedEditorAssemblies (0ms)
				RefreshPlugins (94ms)
				BeforeProcessingInitializeOnLoad (2ms)
				ProcessInitializeOnLoadAttributes (144ms)
				ProcessInitializeOnLoadMethodAttributes (109ms)
				AfterProcessingInitializeOnLoad (0ms)
				EditorAssembliesLoaded (0ms)
			ExecutionOrderSort2 (0ms)
			AwakeInstancesAfterBackupRestoration (0ms)
Platform modules already initialized, skipping
Registering precompiled user dll's ...
Registered in 0.004707 seconds.
Begin MonoManager ReloadAssembly
Symbol file LoadedFromMemory doesn't match image F:\Projects\GIT_Projects\CVR_Mods\VRBattery\UnityProject\[CVR_MOD]_VRBatteryIndicator\Library\PackageCache\com.unity.visualscripting@1.8.0\Editor\VisualScripting.Core\Dependencies\YamlDotNet\Unity.VisualScripting.YamlDotNet.dll
Symbol file LoadedFromMemory doesn't match image F:\Projects\GIT_Projects\CVR_Mods\VRBattery\UnityProject\[CVR_MOD]_VRBatteryIndicator\Library\PackageCache\com.unity.visualscripting@1.8.0\Editor\VisualScripting.Core\Dependencies\DotNetZip\Unity.VisualScripting.IonicZip.dll
Native extension for WindowsStandalone target not found
Refreshing native plugins compatible for Editor in 86.32 ms, found 3 plugins.
Preloading 0 native plugins for Editor in 0.00 ms.
[CCK :: OpenXR Configurator] Skipped configuration. CCK not found or not set to Android.
UnityEngine.StackTraceUtility:ExtractStackTrace ()
UnityEngine.DebugLogHandler:LogFormat (UnityEngine.LogType,UnityEngine.Object,string,object[])
UnityEngine.Logger:Log (UnityEngine.LogType,object)
UnityEngine.Debug:Log (object)
ABI.CCK.Dependencies.OpenXR.OpenXR_Configurator:RunConfiguration () (at Assets/ABI.CCK/Dependencies/OpenXR/OpenXR_Configurator.cs:33)
ABI.CCK.Dependencies.OpenXR.OpenXR_Configurator:.cctor () (at Assets/ABI.CCK/Dependencies/OpenXR/OpenXR_Configurator.cs:22)
System.Runtime.CompilerServices.RuntimeHelpers:RunClassConstructor (System.RuntimeTypeHandle)
UnityEditor.EditorAssemblies:ProcessInitializeOnLoadAttributes (System.Type[])

(Filename: Assets/ABI.CCK/Dependencies/OpenXR/OpenXR_Configurator.cs Line: 33)

[CCK :: OpenXR Configurator] If you are troubleshooting, try forcing a reimport using 'Alpha Blend Interactive/Utilities/Refresh CCK'.
UnityEngine.StackTraceUtility:ExtractStackTrace ()
UnityEngine.DebugLogHandler:LogFormat (UnityEngine.LogType,UnityEngine.Object,string,object[])
UnityEngine.Logger:Log (UnityEngine.LogType,object)
UnityEngine.Debug:Log (object)
ABI.CCK.Dependencies.OpenXR.OpenXR_Configurator:RunConfiguration () (at Assets/ABI.CCK/Dependencies/OpenXR/OpenXR_Configurator.cs:34)
ABI.CCK.Dependencies.OpenXR.OpenXR_Configurator:.cctor () (at Assets/ABI.CCK/Dependencies/OpenXR/OpenXR_Configurator.cs:22)
System.Runtime.CompilerServices.RuntimeHelpers:RunClassConstructor (System.RuntimeTypeHandle)
UnityEditor.EditorAssemblies:ProcessInitializeOnLoadAttributes (System.Type[])

(Filename: Assets/ABI.CCK/Dependencies/OpenXR/OpenXR_Configurator.cs Line: 34)

[CCK:Init] XR and render settings have to be changed. Now changing.
UnityEngine.StackTraceUtility:ExtractStackTrace ()
UnityEngine.DebugLogHandler:LogFormat (UnityEngine.LogType,UnityEngine.Object,string,object[])
UnityEngine.Logger:Log (UnityEngine.LogType,object)
UnityEngine.Debug:Log (object)
CCK_Init:.cctor () (at Assets/ABI.CCK/Scripts/Editor/CCK_Init.cs:40)
System.Runtime.CompilerServices.RuntimeHelpers:RunClassConstructor (System.RuntimeTypeHandle)
UnityEditor.EditorAssemblies:ProcessInitializeOnLoadAttributes (System.Type[])

(Filename: Assets/ABI.CCK/Scripts/Editor/CCK_Init.cs Line: 40)

Launched and connected shader compiler UnityShaderCompiler.exe after 0.11 seconds
[CCK:Init] Verified TagManager and ProjectSettings. No need to readjust.
UnityEngine.StackTraceUtility:ExtractStackTrace ()
UnityEngine.DebugLogHandler:LogFormat (UnityEngine.LogType,UnityEngine.Object,string,object[])
UnityEngine.Logger:Log (UnityEngine.LogType,object)
UnityEngine.Debug:Log (object)
CCK_Init:.cctor () (at Assets/ABI.CCK/Scripts/Editor/CCK_Init.cs:67)
System.Runtime.CompilerServices.RuntimeHelpers:RunClassConstructor (System.RuntimeTypeHandle)
UnityEditor.EditorAssemblies:ProcessInitializeOnLoadAttributes (System.Type[])

(Filename: Assets/ABI.CCK/Scripts/Editor/CCK_Init.cs Line: 67)

Mono: successfully reloaded assembly
- Completed reload, in  1.459 seconds
Domain Reload Profiling:
	ReloadAssembly (1460ms)
		BeginReloadAssembly (133ms)
			ExecutionOrderSort (0ms)
			DisableScriptedObjects (5ms)
			BackupInstance (0ms)
			ReleaseScriptingObjects (0ms)
			CreateAndSetChildDomain (20ms)
		EndReloadAssembly (1229ms)
			LoadAssemblies (198ms)
			RebuildTransferFunctionScriptingTraits (0ms)
			SetupTypeCache (272ms)
			ReleaseScriptCaches (1ms)
			RebuildScriptCaches (56ms)
			SetupLoadedEditorAssemblies (680ms)
				LogAssemblyErrors (0ms)
				InitializePlatformSupportModulesInManaged (4ms)
				SetLoadedEditorAssemblies (0ms)
				RefreshPlugins (86ms)
				BeforeProcessingInitializeOnLoad (82ms)
				ProcessInitializeOnLoadAttributes (483ms)
				ProcessInitializeOnLoadMethodAttributes (19ms)
				AfterProcessingInitializeOnLoad (5ms)
				EditorAssembliesLoaded (0ms)
			ExecutionOrderSort2 (0ms)
			AwakeInstancesAfterBackupRestoration (6ms)
Platform modules already initialized, skipping
========================================================================
Worker process is ready to serve import requests
Refreshing native plugins compatible for Editor in 0.77 ms, found 3 plugins.
Preloading 0 native plugins for Editor in 0.00 ms.
Unloading 3356 Unused Serialized files (Serialized files now loaded: 0)
Unloading 23 unused Assets / (57.0 KB). Loaded Objects now: 3839.
Memory consumption went from 122.5 MB to 122.4 MB.
Total: 2.490800 ms (FindLiveObjects: 0.238900 ms CreateObjectMapping: 0.083800 ms MarkObjects: 2.104600 ms  DeleteObjects: 0.062700 ms)

AssetImportParameters requested are different than current active one (requested -> active):
  custom:video-decoder-ogg-theora: a1e56fd34408186e4bbccfd4996cb3dc -> 
  custom:container-muxer-webm: aa71ff27fc2769a1b78a27578f13a17b -> 
  custom:container-demuxer-webm: 4f35f7cbe854078d1ac9338744f61a02 -> 
  custom:video-encoder-webm-vp8: eb34c28f22e8b96e1ab97ce403110664 -> 
  custom:audio-encoder-webm-vorbis: bf7c407c2cedff20999df2af8eb42d56 -> 
  custom:framework-win-MediaFoundation: 216162199b28c13a410421893ffa2e32 -> 
  custom:container-demuxer-ogg: 62fdf1f143b41e24485cea50d1cbac27 -> 
  custom:video-decoder-webm-vp8: 9c59270c3fd7afecdb556c50c9e8de78 -> 
  custom:audio-decoder-ogg-vorbis: bf7c407c2cedff20999df2af8eb42d56 -> 
========================================================================
Received Import Request.
  Time since last request: 1170517.687294 seconds.
  path: Assets/right_controller_status_off_2x.png
  artifactKey: Guid(71a30c540797e82458fdeae2c61eab49) Importer(815301076,1909f56bfc062723c751e8b465ee728b)
Start importing Assets/right_controller_status_off_2x.png using Guid(71a30c540797e82458fdeae2c61eab49) Importer(815301076,1909f56bfc062723c751e8b465ee728b)  -> (artifact id: 'e2e46fd93cc9bbfe6ec552c56c322961') in 0.115073 seconds 
========================================================================
Received Import Request.
  Time since last request: 0.000023 seconds.
  path: Assets/VRBatteryIndicator.prefab
  artifactKey: Guid(089d0c624be6643488e4c6f33d7cbb19) Importer(815301076,1909f56bfc062723c751e8b465ee728b)
Start importing Assets/VRBatteryIndicator.prefab using Guid(089d0c624be6643488e4c6f33d7cbb19) Importer(815301076,1909f56bfc062723c751e8b465ee728b)  -> (artifact id: '6a97ee04487bc9932eaa24b3d1693f74') in 0.023215 seconds 
========================================================================
Received Import Request.
  Time since last request: 1.045216 seconds.
  path: Assets/EXAMPLE/Scripts
  artifactKey: Guid(28d90e39765c17d42987647034aeae04) Importer(815301076,1909f56bfc062723c751e8b465ee728b)
Start importing Assets/EXAMPLE/Scripts using Guid(28d90e39765c17d42987647034aeae04) Importer(815301076,1909f56bfc062723c751e8b465ee728b)  -> (artifact id: '5f62b9565e6c119edecea6e4cf70e6fe') in 0.001644 seconds 
========================================================================
Received Import Request.
  Time since last request: 3.276878 seconds.
  path: Assets/EXAMPLE/Scripts/ImagePixel.cs
  artifactKey: Guid(08a6d492d0dc84c76884639fdc82b916) Importer(815301076,1909f56bfc062723c751e8b465ee728b)
Start importing Assets/EXAMPLE/Scripts/ImagePixel.cs using Guid(08a6d492d0dc84c76884639fdc82b916) Importer(815301076,1909f56bfc062723c751e8b465ee728b)  -> (artifact id: 'ed840787f701ef6fcd96abe498c4a33e') in 0.005683 seconds 
========================================================================
Received Import Request.
  Time since last request: 8.787101 seconds.
  path: Assets/EXAMPLE/Scripts/Listener.cs
  artifactKey: Guid(d4bceffde49df4ef3988131829d57a8e) Importer(815301076,1909f56bfc062723c751e8b465ee728b)
Start importing Assets/EXAMPLE/Scripts/Listener.cs using Guid(d4bceffde49df4ef3988131829d57a8e) Importer(815301076,1909f56bfc062723c751e8b465ee728b)  -> (artifact id: '556306dad54beeede991d6431702732b') in 0.000812 seconds 
========================================================================
Received Prepare
Registering precompiled user dll's ...
Registered in 0.003883 seconds.
Begin MonoManager ReloadAssembly
Symbol file LoadedFromMemory doesn't match image F:\Projects\GIT_Projects\CVR_Mods\VRBattery\UnityProject\[CVR_MOD]_VRBatteryIndicator\Library\PackageCache\com.unity.visualscripting@1.8.0\Editor\VisualScripting.Core\Dependencies\YamlDotNet\Unity.VisualScripting.YamlDotNet.dll
Symbol file LoadedFromMemory doesn't match image F:\Projects\GIT_Projects\CVR_Mods\VRBattery\UnityProject\[CVR_MOD]_VRBatteryIndicator\Library\PackageCache\com.unity.visualscripting@1.8.0\Editor\VisualScripting.Core\Dependencies\DotNetZip\Unity.VisualScripting.IonicZip.dll
Native extension for WindowsStandalone target not found
Refreshing native plugins compatible for Editor in 0.64 ms, found 3 plugins.
Preloading 0 native plugins for Editor in 0.00 ms.
[CCK :: OpenXR Configurator] Skipped configuration. CCK not found or not set to Android.
UnityEngine.StackTraceUtility:ExtractStackTrace ()
UnityEngine.DebugLogHandler:LogFormat (UnityEngine.LogType,UnityEngine.Object,string,object[])
UnityEngine.Logger:Log (UnityEngine.LogType,object)
UnityEngine.Debug:Log (object)
ABI.CCK.Dependencies.OpenXR.OpenXR_Configurator:RunConfiguration () (at Assets/ABI.CCK/Dependencies/OpenXR/OpenXR_Configurator.cs:33)
ABI.CCK.Dependencies.OpenXR.OpenXR_Configurator:.cctor () (at Assets/ABI.CCK/Dependencies/OpenXR/OpenXR_Configurator.cs:22)
System.Runtime.CompilerServices.RuntimeHelpers:RunClassConstructor (System.RuntimeTypeHandle)
UnityEditor.EditorAssemblies:ProcessInitializeOnLoadAttributes (System.Type[])

(Filename: Assets/ABI.CCK/Dependencies/OpenXR/OpenXR_Configurator.cs Line: 33)

[CCK :: OpenXR Configurator] If you are troubleshooting, try forcing a reimport using 'Alpha Blend Interactive/Utilities/Refresh CCK'.
UnityEngine.StackTraceUtility:ExtractStackTrace ()
UnityEngine.DebugLogHandler:LogFormat (UnityEngine.LogType,UnityEngine.Object,string,object[])
UnityEngine.Logger:Log (UnityEngine.LogType,object)
UnityEngine.Debug:Log (object)
ABI.CCK.Dependencies.OpenXR.OpenXR_Configurator:RunConfiguration () (at Assets/ABI.CCK/Dependencies/OpenXR/OpenXR_Configurator.cs:34)
ABI.CCK.Dependencies.OpenXR.OpenXR_Configurator:.cctor () (at Assets/ABI.CCK/Dependencies/OpenXR/OpenXR_Configurator.cs:22)
System.Runtime.CompilerServices.RuntimeHelpers:RunClassConstructor (System.RuntimeTypeHandle)
UnityEditor.EditorAssemblies:ProcessInitializeOnLoadAttributes (System.Type[])

(Filename: Assets/ABI.CCK/Dependencies/OpenXR/OpenXR_Configurator.cs Line: 34)

[CCK:Init] XR and render settings have to be changed. Now changing.
UnityEngine.StackTraceUtility:ExtractStackTrace ()
UnityEngine.DebugLogHandler:LogFormat (UnityEngine.LogType,UnityEngine.Object,string,object[])
UnityEngine.Logger:Log (UnityEngine.LogType,object)
UnityEngine.Debug:Log (object)
CCK_Init:.cctor () (at Assets/ABI.CCK/Scripts/Editor/CCK_Init.cs:40)
System.Runtime.CompilerServices.RuntimeHelpers:RunClassConstructor (System.RuntimeTypeHandle)
UnityEditor.EditorAssemblies:ProcessInitializeOnLoadAttributes (System.Type[])

(Filename: Assets/ABI.CCK/Scripts/Editor/CCK_Init.cs Line: 40)

[CCK:Init] Verified TagManager and ProjectSettings. No need to readjust.
UnityEngine.StackTraceUtility:ExtractStackTrace ()
UnityEngine.DebugLogHandler:LogFormat (UnityEngine.LogType,UnityEngine.Object,string,object[])
UnityEngine.Logger:Log (UnityEngine.LogType,object)
UnityEngine.Debug:Log (object)
CCK_Init:.cctor () (at Assets/ABI.CCK/Scripts/Editor/CCK_Init.cs:67)
System.Runtime.CompilerServices.RuntimeHelpers:RunClassConstructor (System.RuntimeTypeHandle)
UnityEditor.EditorAssemblies:ProcessInitializeOnLoadAttributes (System.Type[])

(Filename: Assets/ABI.CCK/Scripts/Editor/CCK_Init.cs Line: 67)

Mono: successfully reloaded assembly
- Completed reload, in  0.999 seconds
Domain Reload Profiling:
	ReloadAssembly (1000ms)
		BeginReloadAssembly (153ms)
			ExecutionOrderSort (0ms)
			DisableScriptedObjects (5ms)
			BackupInstance (0ms)
			ReleaseScriptingObjects (0ms)
			CreateAndSetChildDomain (41ms)
		EndReloadAssembly (753ms)
			LoadAssemblies (90ms)
			RebuildTransferFunctionScriptingTraits (0ms)
			SetupTypeCache (286ms)
			ReleaseScriptCaches (1ms)
			RebuildScriptCaches (41ms)
			SetupLoadedEditorAssemblies (307ms)
				LogAssemblyErrors (0ms)
				InitializePlatformSupportModulesInManaged (5ms)
				SetLoadedEditorAssemblies (0ms)
				RefreshPlugins (1ms)
				BeforeProcessingInitializeOnLoad (59ms)
				ProcessInitializeOnLoadAttributes (212ms)
				ProcessInitializeOnLoadMethodAttributes (23ms)
				AfterProcessingInitializeOnLoad (7ms)
				EditorAssembliesLoaded (0ms)
			ExecutionOrderSort2 (0ms)
			AwakeInstancesAfterBackupRestoration (6ms)
Platform modules already initialized, skipping
Refreshing native plugins compatible for Editor in 1.80 ms, found 3 plugins.
Preloading 0 native plugins for Editor in 0.00 ms.
Unloading 3329 Unused Serialized files (Serialized files now loaded: 0)
Unloading 19 unused Assets / (25.4 KB). Loaded Objects now: 3846.
Memory consumption went from 124.6 MB to 124.6 MB.
Total: 2.637800 ms (FindLiveObjects: 0.332600 ms CreateObjectMapping: 0.085300 ms MarkObjects: 2.193100 ms  DeleteObjects: 0.026000 ms)

AssetImportParameters requested are different than current active one (requested -> active):
  custom:video-decoder-ogg-theora: a1e56fd34408186e4bbccfd4996cb3dc -> 
  custom:container-muxer-webm: aa71ff27fc2769a1b78a27578f13a17b -> 
  custom:container-demuxer-webm: 4f35f7cbe854078d1ac9338744f61a02 -> 
  custom:video-encoder-webm-vp8: eb34c28f22e8b96e1ab97ce403110664 -> 
  custom:audio-encoder-webm-vorbis: bf7c407c2cedff20999df2af8eb42d56 -> 
  custom:framework-win-MediaFoundation: 216162199b28c13a410421893ffa2e32 -> 
  custom:container-demuxer-ogg: 62fdf1f143b41e24485cea50d1cbac27 -> 
  custom:video-decoder-webm-vp8: 9c59270c3fd7afecdb556c50c9e8de78 -> 
  custom:audio-decoder-ogg-vorbis: bf7c407c2cedff20999df2af8eb42d56 -> 
========================================================================
Received Prepare
Registering precompiled user dll's ...
Registered in 0.003264 seconds.
Begin MonoManager ReloadAssembly
Symbol file LoadedFromMemory doesn't match image F:\Projects\GIT_Projects\CVR_Mods\VRBattery\UnityProject\[CVR_MOD]_VRBatteryIndicator\Library\PackageCache\com.unity.visualscripting@1.8.0\Editor\VisualScripting.Core\Dependencies\YamlDotNet\Unity.VisualScripting.YamlDotNet.dll
Symbol file LoadedFromMemory doesn't match image F:\Projects\GIT_Projects\CVR_Mods\VRBattery\UnityProject\[CVR_MOD]_VRBatteryIndicator\Library\PackageCache\com.unity.visualscripting@1.8.0\Editor\VisualScripting.Core\Dependencies\DotNetZip\Unity.VisualScripting.IonicZip.dll
Native extension for WindowsStandalone target not found
Refreshing native plugins compatible for Editor in 0.70 ms, found 3 plugins.
Preloading 0 native plugins for Editor in 0.00 ms.
[CCK :: OpenXR Configurator] Skipped configuration. CCK not found or not set to Android.
UnityEngine.StackTraceUtility:ExtractStackTrace ()
UnityEngine.DebugLogHandler:LogFormat (UnityEngine.LogType,UnityEngine.Object,string,object[])
UnityEngine.Logger:Log (UnityEngine.LogType,object)
UnityEngine.Debug:Log (object)
ABI.CCK.Dependencies.OpenXR.OpenXR_Configurator:RunConfiguration () (at Assets/ABI.CCK/Dependencies/OpenXR/OpenXR_Configurator.cs:33)
ABI.CCK.Dependencies.OpenXR.OpenXR_Configurator:.cctor () (at Assets/ABI.CCK/Dependencies/OpenXR/OpenXR_Configurator.cs:22)
System.Runtime.CompilerServices.RuntimeHelpers:RunClassConstructor (System.RuntimeTypeHandle)
UnityEditor.EditorAssemblies:ProcessInitializeOnLoadAttributes (System.Type[])

(Filename: Assets/ABI.CCK/Dependencies/OpenXR/OpenXR_Configurator.cs Line: 33)

[CCK :: OpenXR Configurator] If you are troubleshooting, try forcing a reimport using 'Alpha Blend Interactive/Utilities/Refresh CCK'.
UnityEngine.StackTraceUtility:ExtractStackTrace ()
UnityEngine.DebugLogHandler:LogFormat (UnityEngine.LogType,UnityEngine.Object,string,object[])
UnityEngine.Logger:Log (UnityEngine.LogType,object)
UnityEngine.Debug:Log (object)
ABI.CCK.Dependencies.OpenXR.OpenXR_Configurator:RunConfiguration () (at Assets/ABI.CCK/Dependencies/OpenXR/OpenXR_Configurator.cs:34)
ABI.CCK.Dependencies.OpenXR.OpenXR_Configurator:.cctor () (at Assets/ABI.CCK/Dependencies/OpenXR/OpenXR_Configurator.cs:22)
System.Runtime.CompilerServices.RuntimeHelpers:RunClassConstructor (System.RuntimeTypeHandle)
UnityEditor.EditorAssemblies:ProcessInitializeOnLoadAttributes (System.Type[])

(Filename: Assets/ABI.CCK/Dependencies/OpenXR/OpenXR_Configurator.cs Line: 34)

[CCK:Init] XR and render settings have to be changed. Now changing.
UnityEngine.StackTraceUtility:ExtractStackTrace ()
UnityEngine.DebugLogHandler:LogFormat (UnityEngine.LogType,UnityEngine.Object,string,object[])
UnityEngine.Logger:Log (UnityEngine.LogType,object)
UnityEngine.Debug:Log (object)
CCK_Init:.cctor () (at Assets/ABI.CCK/Scripts/Editor/CCK_Init.cs:40)
System.Runtime.CompilerServices.RuntimeHelpers:RunClassConstructor (System.RuntimeTypeHandle)
UnityEditor.EditorAssemblies:ProcessInitializeOnLoadAttributes (System.Type[])

(Filename: Assets/ABI.CCK/Scripts/Editor/CCK_Init.cs Line: 40)

[CCK:Init] Verified TagManager and ProjectSettings. No need to readjust.
UnityEngine.StackTraceUtility:ExtractStackTrace ()
UnityEngine.DebugLogHandler:LogFormat (UnityEngine.LogType,UnityEngine.Object,string,object[])
UnityEngine.Logger:Log (UnityEngine.LogType,object)
UnityEngine.Debug:Log (object)
CCK_Init:.cctor () (at Assets/ABI.CCK/Scripts/Editor/CCK_Init.cs:67)
System.Runtime.CompilerServices.RuntimeHelpers:RunClassConstructor (System.RuntimeTypeHandle)
UnityEditor.EditorAssemblies:ProcessInitializeOnLoadAttributes (System.Type[])

(Filename: Assets/ABI.CCK/Scripts/Editor/CCK_Init.cs Line: 67)

Mono: successfully reloaded assembly
- Completed reload, in  0.940 seconds
Domain Reload Profiling:
	ReloadAssembly (940ms)
		BeginReloadAssembly (142ms)
			ExecutionOrderSort (0ms)
			DisableScriptedObjects (7ms)
			BackupInstance (0ms)
			ReleaseScriptingObjects (0ms)
			CreateAndSetChildDomain (36ms)
		EndReloadAssembly (707ms)
			LoadAssemblies (86ms)
			RebuildTransferFunctionScriptingTraits (0ms)
			SetupTypeCache (260ms)
			ReleaseScriptCaches (2ms)
			RebuildScriptCaches (49ms)
			SetupLoadedEditorAssemblies (278ms)
				LogAssemblyErrors (0ms)
				InitializePlatformSupportModulesInManaged (5ms)
				SetLoadedEditorAssemblies (1ms)
				RefreshPlugins (1ms)
				BeforeProcessingInitializeOnLoad (63ms)
				ProcessInitializeOnLoadAttributes (183ms)
				ProcessInitializeOnLoadMethodAttributes (21ms)
				AfterProcessingInitializeOnLoad (5ms)
				EditorAssembliesLoaded (0ms)
			ExecutionOrderSort2 (0ms)
			AwakeInstancesAfterBackupRestoration (6ms)
Platform modules already initialized, skipping
Refreshing native plugins compatible for Editor in 2.04 ms, found 3 plugins.
Preloading 0 native plugins for Editor in 0.00 ms.
Unloading 3325 Unused Serialized files (Serialized files now loaded: 0)
Unloading 20 unused Assets / (24.6 KB). Loaded Objects now: 3845.
Memory consumption went from 124.5 MB to 124.5 MB.
Total: 3.175300 ms (FindLiveObjects: 0.229700 ms CreateObjectMapping: 0.073200 ms MarkObjects: 2.843700 ms  DeleteObjects: 0.028100 ms)

AssetImportParameters requested are different than current active one (requested -> active):
  custom:video-decoder-ogg-theora: a1e56fd34408186e4bbccfd4996cb3dc -> 
  custom:container-muxer-webm: aa71ff27fc2769a1b78a27578f13a17b -> 
  custom:container-demuxer-webm: 4f35f7cbe854078d1ac9338744f61a02 -> 
  custom:video-encoder-webm-vp8: eb34c28f22e8b96e1ab97ce403110664 -> 
  custom:audio-encoder-webm-vorbis: bf7c407c2cedff20999df2af8eb42d56 -> 
  custom:framework-win-MediaFoundation: 216162199b28c13a410421893ffa2e32 -> 
  custom:container-demuxer-ogg: 62fdf1f143b41e24485cea50d1cbac27 -> 
  custom:video-decoder-webm-vp8: 9c59270c3fd7afecdb556c50c9e8de78 -> 
  custom:audio-decoder-ogg-vorbis: bf7c407c2cedff20999df2af8eb42d56 -> 
========================================================================
Received Import Request.
  Time since last request: 22.770825 seconds.
  path: Assets/TextMesh Pro
  artifactKey: Guid(f54d1bd14bd3ca042bd867b519fee8cc) Importer(815301076,1909f56bfc062723c751e8b465ee728b)
Start importing Assets/TextMesh Pro using Guid(f54d1bd14bd3ca042bd867b519fee8cc) Importer(815301076,1909f56bfc062723c751e8b465ee728b)  -> (artifact id: 'f5648c5ef36b7beab651a001a8d08867') in 0.006422 seconds 
========================================================================
Received Import Request.
  Time since last request: 6.206277 seconds.
  path: Assets
  artifactKey: Guid(00000000000000001000000000000000) Importer(815301076,1909f56bfc062723c751e8b465ee728b)
Start importing Assets using Guid(00000000000000001000000000000000) Importer(815301076,1909f56bfc062723c751e8b465ee728b)  -> (artifact id: '79842766b460edbeab6a34051e857a80') in 0.000871 seconds 
========================================================================
Received Import Request.
  Time since last request: 42.078663 seconds.
  path: Assets/VRBatteryIndicator.prefab
  artifactKey: Guid(089d0c624be6643488e4c6f33d7cbb19) Importer(815301076,1909f56bfc062723c751e8b465ee728b)
Start importing Assets/VRBatteryIndicator.prefab using Guid(089d0c624be6643488e4c6f33d7cbb19) Importer(815301076,1909f56bfc062723c751e8b465ee728b)  -> (artifact id: 'f9f8207226ce4e4cd8c8088172528b7b') in 0.025442 seconds 
========================================================================
Received Prepare
Registering precompiled user dll's ...
Registered in 0.002693 seconds.
Begin MonoManager ReloadAssembly
Symbol file LoadedFromMemory doesn't match image F:\Projects\GIT_Projects\CVR_Mods\VRBattery\UnityProject\[CVR_MOD]_VRBatteryIndicator\Library\PackageCache\com.unity.visualscripting@1.8.0\Editor\VisualScripting.Core\Dependencies\YamlDotNet\Unity.VisualScripting.YamlDotNet.dll
Symbol file LoadedFromMemory doesn't match image F:\Projects\GIT_Projects\CVR_Mods\VRBattery\UnityProject\[CVR_MOD]_VRBatteryIndicator\Library\PackageCache\com.unity.visualscripting@1.8.0\Editor\VisualScripting.Core\Dependencies\DotNetZip\Unity.VisualScripting.IonicZip.dll
Native extension for WindowsStandalone target not found
Refreshing native plugins compatible for Editor in 0.57 ms, found 3 plugins.
Preloading 0 native plugins for Editor in 0.00 ms.
[CCK :: OpenXR Configurator] Skipped configuration. CCK not found or not set to Android.
UnityEngine.StackTraceUtility:ExtractStackTrace ()
UnityEngine.DebugLogHandler:LogFormat (UnityEngine.LogType,UnityEngine.Object,string,object[])
UnityEngine.Logger:Log (UnityEngine.LogType,object)
UnityEngine.Debug:Log (object)
ABI.CCK.Dependencies.OpenXR.OpenXR_Configurator:RunConfiguration () (at Assets/ABI.CCK/Dependencies/OpenXR/OpenXR_Configurator.cs:33)
ABI.CCK.Dependencies.OpenXR.OpenXR_Configurator:.cctor () (at Assets/ABI.CCK/Dependencies/OpenXR/OpenXR_Configurator.cs:22)
System.Runtime.CompilerServices.RuntimeHelpers:RunClassConstructor (System.RuntimeTypeHandle)
UnityEditor.EditorAssemblies:ProcessInitializeOnLoadAttributes (System.Type[])

(Filename: Assets/ABI.CCK/Dependencies/OpenXR/OpenXR_Configurator.cs Line: 33)

[CCK :: OpenXR Configurator] If you are troubleshooting, try forcing a reimport using 'Alpha Blend Interactive/Utilities/Refresh CCK'.
UnityEngine.StackTraceUtility:ExtractStackTrace ()
UnityEngine.DebugLogHandler:LogFormat (UnityEngine.LogType,UnityEngine.Object,string,object[])
UnityEngine.Logger:Log (UnityEngine.LogType,object)
UnityEngine.Debug:Log (object)
ABI.CCK.Dependencies.OpenXR.OpenXR_Configurator:RunConfiguration () (at Assets/ABI.CCK/Dependencies/OpenXR/OpenXR_Configurator.cs:34)
ABI.CCK.Dependencies.OpenXR.OpenXR_Configurator:.cctor () (at Assets/ABI.CCK/Dependencies/OpenXR/OpenXR_Configurator.cs:22)
System.Runtime.CompilerServices.RuntimeHelpers:RunClassConstructor (System.RuntimeTypeHandle)
UnityEditor.EditorAssemblies:ProcessInitializeOnLoadAttributes (System.Type[])

(Filename: Assets/ABI.CCK/Dependencies/OpenXR/OpenXR_Configurator.cs Line: 34)

[CCK:Init] XR and render settings have to be changed. Now changing.
UnityEngine.StackTraceUtility:ExtractStackTrace ()
UnityEngine.DebugLogHandler:LogFormat (UnityEngine.LogType,UnityEngine.Object,string,object[])
UnityEngine.Logger:Log (UnityEngine.LogType,object)
UnityEngine.Debug:Log (object)
CCK_Init:.cctor () (at Assets/ABI.CCK/Scripts/Editor/CCK_Init.cs:40)
System.Runtime.CompilerServices.RuntimeHelpers:RunClassConstructor (System.RuntimeTypeHandle)
UnityEditor.EditorAssemblies:ProcessInitializeOnLoadAttributes (System.Type[])

(Filename: Assets/ABI.CCK/Scripts/Editor/CCK_Init.cs Line: 40)

[CCK:Init] Verified TagManager and ProjectSettings. No need to readjust.
UnityEngine.StackTraceUtility:ExtractStackTrace ()
UnityEngine.DebugLogHandler:LogFormat (UnityEngine.LogType,UnityEngine.Object,string,object[])
UnityEngine.Logger:Log (UnityEngine.LogType,object)
UnityEngine.Debug:Log (object)
CCK_Init:.cctor () (at Assets/ABI.CCK/Scripts/Editor/CCK_Init.cs:67)
System.Runtime.CompilerServices.RuntimeHelpers:RunClassConstructor (System.RuntimeTypeHandle)
UnityEditor.EditorAssemblies:ProcessInitializeOnLoadAttributes (System.Type[])

(Filename: Assets/ABI.CCK/Scripts/Editor/CCK_Init.cs Line: 67)

Mono: successfully reloaded assembly
- Completed reload, in  0.830 seconds
Domain Reload Profiling:
	ReloadAssembly (831ms)
		BeginReloadAssembly (119ms)
			ExecutionOrderSort (0ms)
			DisableScriptedObjects (4ms)
			BackupInstance (0ms)
			ReleaseScriptingObjects (0ms)
			CreateAndSetChildDomain (31ms)
		EndReloadAssembly (636ms)
			LoadAssemblies (72ms)
			RebuildTransferFunctionScriptingTraits (0ms)
			SetupTypeCache (219ms)
			ReleaseScriptCaches (1ms)
			RebuildScriptCaches (43ms)
			SetupLoadedEditorAssemblies (265ms)
				LogAssemblyErrors (0ms)
				InitializePlatformSupportModulesInManaged (5ms)
				SetLoadedEditorAssemblies (1ms)
				RefreshPlugins (1ms)
				BeforeProcessingInitializeOnLoad (59ms)
				ProcessInitializeOnLoadAttributes (181ms)
				ProcessInitializeOnLoadMethodAttributes (16ms)
				AfterProcessingInitializeOnLoad (4ms)
				EditorAssembliesLoaded (0ms)
			ExecutionOrderSort2 (0ms)
			AwakeInstancesAfterBackupRestoration (4ms)
Platform modules already initialized, skipping
Refreshing native plugins compatible for Editor in 1.29 ms, found 3 plugins.
Preloading 0 native plugins for Editor in 0.00 ms.
Unloading 3329 Unused Serialized files (Serialized files now loaded: 0)
Unloading 17 unused Assets / (25.5 KB). Loaded Objects now: 3852.
Memory consumption went from 124.6 MB to 124.6 MB.
Total: 2.302900 ms (FindLiveObjects: 0.229300 ms CreateObjectMapping: 0.080400 ms MarkObjects: 1.964700 ms  DeleteObjects: 0.027900 ms)

AssetImportParameters requested are different than current active one (requested -> active):
  custom:video-decoder-ogg-theora: a1e56fd34408186e4bbccfd4996cb3dc -> 
  custom:container-muxer-webm: aa71ff27fc2769a1b78a27578f13a17b -> 
  custom:container-demuxer-webm: 4f35f7cbe854078d1ac9338744f61a02 -> 
  custom:video-encoder-webm-vp8: eb34c28f22e8b96e1ab97ce403110664 -> 
  custom:audio-encoder-webm-vorbis: bf7c407c2cedff20999df2af8eb42d56 -> 
  custom:framework-win-MediaFoundation: 216162199b28c13a410421893ffa2e32 -> 
  custom:container-demuxer-ogg: 62fdf1f143b41e24485cea50d1cbac27 -> 
  custom:video-decoder-webm-vp8: 9c59270c3fd7afecdb556c50c9e8de78 -> 
  custom:audio-decoder-ogg-vorbis: bf7c407c2cedff20999df2af8eb42d56 -> 
========================================================================
Received Import Request.
  Time since last request: 7.809728 seconds.
  path: Assets/PlayerH
  artifactKey: Guid(5108e186cd9383b4da13d6f6b6fe05cd) Importer(815301076,1909f56bfc062723c751e8b465ee728b)
Start importing Assets/PlayerH using Guid(5108e186cd9383b4da13d6f6b6fe05cd) Importer(815301076,1909f56bfc062723c751e8b465ee728b)  -> (artifact id: '5c9e6331d57cf7343d8c1cb1479a26c9') in 0.006586 seconds 
========================================================================
Received Import Request.
  Time since last request: 0.025174 seconds.
  path: Assets/PlayerH/New Material.mat
  artifactKey: Guid(c9c356eeea7f5f74f9915f3cb4476324) Importer(815301076,1909f56bfc062723c751e8b465ee728b)
Start importing Assets/PlayerH/New Material.mat using Guid(c9c356eeea7f5f74f9915f3cb4476324) Importer(815301076,1909f56bfc062723c751e8b465ee728b)  -> (artifact id: '8a6e21ce23ccbd8fa9e3e1ba21d4d4eb') in 0.075281 seconds 
========================================================================
Received Import Request.
  Time since last request: 0.000017 seconds.
  path: Assets/PlayerH/Progress.png
  artifactKey: Guid(59c687438234d824095ca222b64abe1b) Importer(815301076,1909f56bfc062723c751e8b465ee728b)
Start importing Assets/PlayerH/Progress.png using Guid(59c687438234d824095ca222b64abe1b) Importer(815301076,1909f56bfc062723c751e8b465ee728b)  -> (artifact id: '597c63a6d6e0c7fe5ec01046bbea5daf') in 0.044889 seconds 
========================================================================
Received Import Request.
  Time since last request: 9.934022 seconds.
  path: Assets/PlayerH/PGA.prefab
  artifactKey: Guid(331a9f8250f58ff47abb742d167bd67e) Importer(815301076,1909f56bfc062723c751e8b465ee728b)
Start importing Assets/PlayerH/PGA.prefab using Guid(331a9f8250f58ff47abb742d167bd67e) Importer(815301076,1909f56bfc062723c751e8b465ee728b)  -> (artifact id: 'a3e93831a84312fb16b58418eaa718ca') in 0.042940 seconds 
========================================================================
Received Import Request.
  Time since last request: 27.527054 seconds.
  path: Assets/PlayerH/Deck_Anim.cs
  artifactKey: Guid(0e378c484a555c440b7536da07b651aa) Importer(815301076,1909f56bfc062723c751e8b465ee728b)
Start importing Assets/PlayerH/Deck_Anim.cs using Guid(0e378c484a555c440b7536da07b651aa) Importer(815301076,1909f56bfc062723c751e8b465ee728b)  -> (artifact id: '1d939f032a55cfc2aef2bceeed2bf108') in 0.000896 seconds 
========================================================================
Received Prepare
Registering precompiled user dll's ...
Registered in 0.002741 seconds.
Begin MonoManager ReloadAssembly
Symbol file LoadedFromMemory doesn't match image F:\Projects\GIT_Projects\CVR_Mods\VRBattery\UnityProject\[CVR_MOD]_VRBatteryIndicator\Library\PackageCache\com.unity.visualscripting@1.8.0\Editor\VisualScripting.Core\Dependencies\YamlDotNet\Unity.VisualScripting.YamlDotNet.dll
Symbol file LoadedFromMemory doesn't match image F:\Projects\GIT_Projects\CVR_Mods\VRBattery\UnityProject\[CVR_MOD]_VRBatteryIndicator\Library\PackageCache\com.unity.visualscripting@1.8.0\Editor\VisualScripting.Core\Dependencies\DotNetZip\Unity.VisualScripting.IonicZip.dll
Native extension for WindowsStandalone target not found
Refreshing native plugins compatible for Editor in 0.80 ms, found 3 plugins.
Preloading 0 native plugins for Editor in 0.00 ms.
[CCK :: OpenXR Configurator] Skipped configuration. CCK not found or not set to Android.
UnityEngine.StackTraceUtility:ExtractStackTrace ()
UnityEngine.DebugLogHandler:LogFormat (UnityEngine.LogType,UnityEngine.Object,string,object[])
UnityEngine.Logger:Log (UnityEngine.LogType,object)
UnityEngine.Debug:Log (object)
ABI.CCK.Dependencies.OpenXR.OpenXR_Configurator:RunConfiguration () (at Assets/ABI.CCK/Dependencies/OpenXR/OpenXR_Configurator.cs:33)
ABI.CCK.Dependencies.OpenXR.OpenXR_Configurator:.cctor () (at Assets/ABI.CCK/Dependencies/OpenXR/OpenXR_Configurator.cs:22)
System.Runtime.CompilerServices.RuntimeHelpers:RunClassConstructor (System.RuntimeTypeHandle)
UnityEditor.EditorAssemblies:ProcessInitializeOnLoadAttributes (System.Type[])

(Filename: Assets/ABI.CCK/Dependencies/OpenXR/OpenXR_Configurator.cs Line: 33)

[CCK :: OpenXR Configurator] If you are troubleshooting, try forcing a reimport using 'Alpha Blend Interactive/Utilities/Refresh CCK'.
UnityEngine.StackTraceUtility:ExtractStackTrace ()
UnityEngine.DebugLogHandler:LogFormat (UnityEngine.LogType,UnityEngine.Object,string,object[])
UnityEngine.Logger:Log (UnityEngine.LogType,object)
UnityEngine.Debug:Log (object)
ABI.CCK.Dependencies.OpenXR.OpenXR_Configurator:RunConfiguration () (at Assets/ABI.CCK/Dependencies/OpenXR/OpenXR_Configurator.cs:34)
ABI.CCK.Dependencies.OpenXR.OpenXR_Configurator:.cctor () (at Assets/ABI.CCK/Dependencies/OpenXR/OpenXR_Configurator.cs:22)
System.Runtime.CompilerServices.RuntimeHelpers:RunClassConstructor (System.RuntimeTypeHandle)
UnityEditor.EditorAssemblies:ProcessInitializeOnLoadAttributes (System.Type[])

(Filename: Assets/ABI.CCK/Dependencies/OpenXR/OpenXR_Configurator.cs Line: 34)

[CCK:Init] XR and render settings have to be changed. Now changing.
UnityEngine.StackTraceUtility:ExtractStackTrace ()
UnityEngine.DebugLogHandler:LogFormat (UnityEngine.LogType,UnityEngine.Object,string,object[])
UnityEngine.Logger:Log (UnityEngine.LogType,object)
UnityEngine.Debug:Log (object)
CCK_Init:.cctor () (at Assets/ABI.CCK/Scripts/Editor/CCK_Init.cs:40)
System.Runtime.CompilerServices.RuntimeHelpers:RunClassConstructor (System.RuntimeTypeHandle)
UnityEditor.EditorAssemblies:ProcessInitializeOnLoadAttributes (System.Type[])

(Filename: Assets/ABI.CCK/Scripts/Editor/CCK_Init.cs Line: 40)

[CCK:Init] Verified TagManager and ProjectSettings. No need to readjust.
UnityEngine.StackTraceUtility:ExtractStackTrace ()
UnityEngine.DebugLogHandler:LogFormat (UnityEngine.LogType,UnityEngine.Object,string,object[])
UnityEngine.Logger:Log (UnityEngine.LogType,object)
UnityEngine.Debug:Log (object)
CCK_Init:.cctor () (at Assets/ABI.CCK/Scripts/Editor/CCK_Init.cs:67)
System.Runtime.CompilerServices.RuntimeHelpers:RunClassConstructor (System.RuntimeTypeHandle)
UnityEditor.EditorAssemblies:ProcessInitializeOnLoadAttributes (System.Type[])

(Filename: Assets/ABI.CCK/Scripts/Editor/CCK_Init.cs Line: 67)

Mono: successfully reloaded assembly
- Completed reload, in  0.831 seconds
Domain Reload Profiling:
	ReloadAssembly (832ms)
		BeginReloadAssembly (117ms)
			ExecutionOrderSort (0ms)
			DisableScriptedObjects (3ms)
			BackupInstance (0ms)
			ReleaseScriptingObjects (0ms)
			CreateAndSetChildDomain (34ms)
		EndReloadAssembly (641ms)
			LoadAssemblies (69ms)
			RebuildTransferFunctionScriptingTraits (0ms)
			SetupTypeCache (209ms)
			ReleaseScriptCaches (1ms)
			RebuildScriptCaches (42ms)
			SetupLoadedEditorAssemblies (284ms)
				LogAssemblyErrors (0ms)
				InitializePlatformSupportModulesInManaged (4ms)
				SetLoadedEditorAssemblies (1ms)
				RefreshPlugins (1ms)
				BeforeProcessingInitializeOnLoad (61ms)
				ProcessInitializeOnLoadAttributes (198ms)
				ProcessInitializeOnLoadMethodAttributes (16ms)
				AfterProcessingInitializeOnLoad (4ms)
				EditorAssembliesLoaded (0ms)
			ExecutionOrderSort2 (0ms)
			AwakeInstancesAfterBackupRestoration (5ms)
Platform modules already initialized, skipping
Refreshing native plugins compatible for Editor in 1.97 ms, found 3 plugins.
Preloading 0 native plugins for Editor in 0.00 ms.
Unloading 3328 Unused Serialized files (Serialized files now loaded: 0)
Unloading 17 unused Assets / (24.6 KB). Loaded Objects now: 3895.
Memory consumption went from 124.9 MB to 124.9 MB.
Total: 2.251000 ms (FindLiveObjects: 0.222100 ms CreateObjectMapping: 0.092800 ms MarkObjects: 1.916500 ms  DeleteObjects: 0.019000 ms)

AssetImportParameters requested are different than current active one (requested -> active):
  custom:video-decoder-ogg-theora: a1e56fd34408186e4bbccfd4996cb3dc -> 
  custom:container-muxer-webm: aa71ff27fc2769a1b78a27578f13a17b -> 
  custom:container-demuxer-webm: 4f35f7cbe854078d1ac9338744f61a02 -> 
  custom:video-encoder-webm-vp8: eb34c28f22e8b96e1ab97ce403110664 -> 
  custom:audio-encoder-webm-vorbis: bf7c407c2cedff20999df2af8eb42d56 -> 
  custom:framework-win-MediaFoundation: 216162199b28c13a410421893ffa2e32 -> 
  custom:container-demuxer-ogg: 62fdf1f143b41e24485cea50d1cbac27 -> 
  custom:video-decoder-webm-vp8: 9c59270c3fd7afecdb556c50c9e8de78 -> 
  custom:audio-decoder-ogg-vorbis: bf7c407c2cedff20999df2af8eb42d56 -> 
========================================================================
Received Import Request.
  Time since last request: 78.856887 seconds.
  path: Assets/PlayerH/FileManager.cs
  artifactKey: Guid(b7ddc76e27caf764db6ce71b55276d25) Importer(815301076,1909f56bfc062723c751e8b465ee728b)
Start importing Assets/PlayerH/FileManager.cs using Guid(b7ddc76e27caf764db6ce71b55276d25) Importer(815301076,1909f56bfc062723c751e8b465ee728b)  -> (artifact id: '12a3d3b45ab98052713ad1dd9d90384f') in 0.006658 seconds 
========================================================================
Received Prepare
Registering precompiled user dll's ...
Registered in 0.003469 seconds.
Begin MonoManager ReloadAssembly
Symbol file LoadedFromMemory doesn't match image F:\Projects\GIT_Projects\CVR_Mods\VRBattery\UnityProject\[CVR_MOD]_VRBatteryIndicator\Library\PackageCache\com.unity.visualscripting@1.8.0\Editor\VisualScripting.Core\Dependencies\YamlDotNet\Unity.VisualScripting.YamlDotNet.dll
Symbol file LoadedFromMemory doesn't match image F:\Projects\GIT_Projects\CVR_Mods\VRBattery\UnityProject\[CVR_MOD]_VRBatteryIndicator\Library\PackageCache\com.unity.visualscripting@1.8.0\Editor\VisualScripting.Core\Dependencies\DotNetZip\Unity.VisualScripting.IonicZip.dll
Native extension for WindowsStandalone target not found
Refreshing native plugins compatible for Editor in 0.66 ms, found 3 plugins.
Preloading 0 native plugins for Editor in 0.00 ms.
[CCK :: OpenXR Configurator] Skipped configuration. CCK not found or not set to Android.
UnityEngine.StackTraceUtility:ExtractStackTrace ()
UnityEngine.DebugLogHandler:LogFormat (UnityEngine.LogType,UnityEngine.Object,string,object[])
UnityEngine.Logger:Log (UnityEngine.LogType,object)
UnityEngine.Debug:Log (object)
ABI.CCK.Dependencies.OpenXR.OpenXR_Configurator:RunConfiguration () (at Assets/ABI.CCK/Dependencies/OpenXR/OpenXR_Configurator.cs:33)
ABI.CCK.Dependencies.OpenXR.OpenXR_Configurator:.cctor () (at Assets/ABI.CCK/Dependencies/OpenXR/OpenXR_Configurator.cs:22)
System.Runtime.CompilerServices.RuntimeHelpers:RunClassConstructor (System.RuntimeTypeHandle)
UnityEditor.EditorAssemblies:ProcessInitializeOnLoadAttributes (System.Type[])

(Filename: Assets/ABI.CCK/Dependencies/OpenXR/OpenXR_Configurator.cs Line: 33)

[CCK :: OpenXR Configurator] If you are troubleshooting, try forcing a reimport using 'Alpha Blend Interactive/Utilities/Refresh CCK'.
UnityEngine.StackTraceUtility:ExtractStackTrace ()
UnityEngine.DebugLogHandler:LogFormat (UnityEngine.LogType,UnityEngine.Object,string,object[])
UnityEngine.Logger:Log (UnityEngine.LogType,object)
UnityEngine.Debug:Log (object)
ABI.CCK.Dependencies.OpenXR.OpenXR_Configurator:RunConfiguration () (at Assets/ABI.CCK/Dependencies/OpenXR/OpenXR_Configurator.cs:34)
ABI.CCK.Dependencies.OpenXR.OpenXR_Configurator:.cctor () (at Assets/ABI.CCK/Dependencies/OpenXR/OpenXR_Configurator.cs:22)
System.Runtime.CompilerServices.RuntimeHelpers:RunClassConstructor (System.RuntimeTypeHandle)
UnityEditor.EditorAssemblies:ProcessInitializeOnLoadAttributes (System.Type[])

(Filename: Assets/ABI.CCK/Dependencies/OpenXR/OpenXR_Configurator.cs Line: 34)

[CCK:Init] XR and render settings have to be changed. Now changing.
UnityEngine.StackTraceUtility:ExtractStackTrace ()
UnityEngine.DebugLogHandler:LogFormat (UnityEngine.LogType,UnityEngine.Object,string,object[])
UnityEngine.Logger:Log (UnityEngine.LogType,object)
UnityEngine.Debug:Log (object)
CCK_Init:.cctor () (at Assets/ABI.CCK/Scripts/Editor/CCK_Init.cs:40)
System.Runtime.CompilerServices.RuntimeHelpers:RunClassConstructor (System.RuntimeTypeHandle)
UnityEditor.EditorAssemblies:ProcessInitializeOnLoadAttributes (System.Type[])

(Filename: Assets/ABI.CCK/Scripts/Editor/CCK_Init.cs Line: 40)

[CCK:Init] Verified TagManager and ProjectSettings. No need to readjust.
UnityEngine.StackTraceUtility:ExtractStackTrace ()
UnityEngine.DebugLogHandler:LogFormat (UnityEngine.LogType,UnityEngine.Object,string,object[])
UnityEngine.Logger:Log (UnityEngine.LogType,object)
UnityEngine.Debug:Log (object)
CCK_Init:.cctor () (at Assets/ABI.CCK/Scripts/Editor/CCK_Init.cs:67)
System.Runtime.CompilerServices.RuntimeHelpers:RunClassConstructor (System.RuntimeTypeHandle)
UnityEditor.EditorAssemblies:ProcessInitializeOnLoadAttributes (System.Type[])

(Filename: Assets/ABI.CCK/Scripts/Editor/CCK_Init.cs Line: 67)

Mono: successfully reloaded assembly
- Completed reload, in  0.875 seconds
Domain Reload Profiling:
	ReloadAssembly (875ms)
		BeginReloadAssembly (122ms)
			ExecutionOrderSort (0ms)
			DisableScriptedObjects (6ms)
			BackupInstance (0ms)
			ReleaseScriptingObjects (0ms)
			CreateAndSetChildDomain (32ms)
		EndReloadAssembly (665ms)
			LoadAssemblies (73ms)
			RebuildTransferFunctionScriptingTraits (0ms)
			SetupTypeCache (254ms)
			ReleaseScriptCaches (1ms)
			RebuildScriptCaches (52ms)
			SetupLoadedEditorAssemblies (242ms)
				LogAssemblyErrors (0ms)
				InitializePlatformSupportModulesInManaged (5ms)
				SetLoadedEditorAssemblies (1ms)
				RefreshPlugins (1ms)
				BeforeProcessingInitializeOnLoad (52ms)
				ProcessInitializeOnLoadAttributes (163ms)
				ProcessInitializeOnLoadMethodAttributes (16ms)
				AfterProcessingInitializeOnLoad (4ms)
				EditorAssembliesLoaded (0ms)
			ExecutionOrderSort2 (0ms)
			AwakeInstancesAfterBackupRestoration (5ms)
Platform modules already initialized, skipping
Refreshing native plugins compatible for Editor in 1.37 ms, found 3 plugins.
Preloading 0 native plugins for Editor in 0.00 ms.
Unloading 3327 Unused Serialized files (Serialized files now loaded: 0)
Unloading 17 unused Assets / (24.6 KB). Loaded Objects now: 3897.
Memory consumption went from 124.9 MB to 124.9 MB.
Total: 3.076700 ms (FindLiveObjects: 0.284300 ms CreateObjectMapping: 0.084000 ms MarkObjects: 2.689000 ms  DeleteObjects: 0.018900 ms)

AssetImportParameters requested are different than current active one (requested -> active):
  custom:video-decoder-ogg-theora: a1e56fd34408186e4bbccfd4996cb3dc -> 
  custom:container-muxer-webm: aa71ff27fc2769a1b78a27578f13a17b -> 
  custom:container-demuxer-webm: 4f35f7cbe854078d1ac9338744f61a02 -> 
  custom:video-encoder-webm-vp8: eb34c28f22e8b96e1ab97ce403110664 -> 
  custom:audio-encoder-webm-vorbis: bf7c407c2cedff20999df2af8eb42d56 -> 
  custom:framework-win-MediaFoundation: 216162199b28c13a410421893ffa2e32 -> 
  custom:container-demuxer-ogg: 62fdf1f143b41e24485cea50d1cbac27 -> 
  custom:video-decoder-webm-vp8: 9c59270c3fd7afecdb556c50c9e8de78 -> 
  custom:audio-decoder-ogg-vorbis: bf7c407c2cedff20999df2af8eb42d56 -> 
========================================================================
Received Import Request.
  Time since last request: 9.518257 seconds.
  path: Assets/PlayerH/PlayMP3.cs
  artifactKey: Guid(80a2b9de75ed7bf43a7e5d5f7de48705) Importer(815301076,1909f56bfc062723c751e8b465ee728b)
Start importing Assets/PlayerH/PlayMP3.cs using Guid(80a2b9de75ed7bf43a7e5d5f7de48705) Importer(815301076,1909f56bfc062723c751e8b465ee728b)  -> (artifact id: 'aa2a5551c19447ff1176e20e31bbeea8') in 0.007307 seconds 
========================================================================
Received Prepare
Registering precompiled user dll's ...
Registered in 0.003707 seconds.
Begin MonoManager ReloadAssembly
Symbol file LoadedFromMemory doesn't match image F:\Projects\GIT_Projects\CVR_Mods\VRBattery\UnityProject\[CVR_MOD]_VRBatteryIndicator\Library\PackageCache\com.unity.visualscripting@1.8.0\Editor\VisualScripting.Core\Dependencies\YamlDotNet\Unity.VisualScripting.YamlDotNet.dll
Symbol file LoadedFromMemory doesn't match image F:\Projects\GIT_Projects\CVR_Mods\VRBattery\UnityProject\[CVR_MOD]_VRBatteryIndicator\Library\PackageCache\com.unity.visualscripting@1.8.0\Editor\VisualScripting.Core\Dependencies\DotNetZip\Unity.VisualScripting.IonicZip.dll
Native extension for WindowsStandalone target not found
Refreshing native plugins compatible for Editor in 0.62 ms, found 3 plugins.
Preloading 0 native plugins for Editor in 0.00 ms.
[CCK :: OpenXR Configurator] Skipped configuration. CCK not found or not set to Android.
UnityEngine.StackTraceUtility:ExtractStackTrace ()
UnityEngine.DebugLogHandler:LogFormat (UnityEngine.LogType,UnityEngine.Object,string,object[])
UnityEngine.Logger:Log (UnityEngine.LogType,object)
UnityEngine.Debug:Log (object)
ABI.CCK.Dependencies.OpenXR.OpenXR_Configurator:RunConfiguration () (at Assets/ABI.CCK/Dependencies/OpenXR/OpenXR_Configurator.cs:33)
ABI.CCK.Dependencies.OpenXR.OpenXR_Configurator:.cctor () (at Assets/ABI.CCK/Dependencies/OpenXR/OpenXR_Configurator.cs:22)
System.Runtime.CompilerServices.RuntimeHelpers:RunClassConstructor (System.RuntimeTypeHandle)
UnityEditor.EditorAssemblies:ProcessInitializeOnLoadAttributes (System.Type[])

(Filename: Assets/ABI.CCK/Dependencies/OpenXR/OpenXR_Configurator.cs Line: 33)

[CCK :: OpenXR Configurator] If you are troubleshooting, try forcing a reimport using 'Alpha Blend Interactive/Utilities/Refresh CCK'.
UnityEngine.StackTraceUtility:ExtractStackTrace ()
UnityEngine.DebugLogHandler:LogFormat (UnityEngine.LogType,UnityEngine.Object,string,object[])
UnityEngine.Logger:Log (UnityEngine.LogType,object)
UnityEngine.Debug:Log (object)
ABI.CCK.Dependencies.OpenXR.OpenXR_Configurator:RunConfiguration () (at Assets/ABI.CCK/Dependencies/OpenXR/OpenXR_Configurator.cs:34)
ABI.CCK.Dependencies.OpenXR.OpenXR_Configurator:.cctor () (at Assets/ABI.CCK/Dependencies/OpenXR/OpenXR_Configurator.cs:22)
System.Runtime.CompilerServices.RuntimeHelpers:RunClassConstructor (System.RuntimeTypeHandle)
UnityEditor.EditorAssemblies:ProcessInitializeOnLoadAttributes (System.Type[])

(Filename: Assets/ABI.CCK/Dependencies/OpenXR/OpenXR_Configurator.cs Line: 34)

[CCK:Init] XR and render settings have to be changed. Now changing.
UnityEngine.StackTraceUtility:ExtractStackTrace ()
UnityEngine.DebugLogHandler:LogFormat (UnityEngine.LogType,UnityEngine.Object,string,object[])
UnityEngine.Logger:Log (UnityEngine.LogType,object)
UnityEngine.Debug:Log (object)
CCK_Init:.cctor () (at Assets/ABI.CCK/Scripts/Editor/CCK_Init.cs:40)
System.Runtime.CompilerServices.RuntimeHelpers:RunClassConstructor (System.RuntimeTypeHandle)
UnityEditor.EditorAssemblies:ProcessInitializeOnLoadAttributes (System.Type[])

(Filename: Assets/ABI.CCK/Scripts/Editor/CCK_Init.cs Line: 40)

[CCK:Init] Verified TagManager and ProjectSettings. No need to readjust.
UnityEngine.StackTraceUtility:ExtractStackTrace ()
UnityEngine.DebugLogHandler:LogFormat (UnityEngine.LogType,UnityEngine.Object,string,object[])
UnityEngine.Logger:Log (UnityEngine.LogType,object)
UnityEngine.Debug:Log (object)
CCK_Init:.cctor () (at Assets/ABI.CCK/Scripts/Editor/CCK_Init.cs:67)
System.Runtime.CompilerServices.RuntimeHelpers:RunClassConstructor (System.RuntimeTypeHandle)
UnityEditor.EditorAssemblies:ProcessInitializeOnLoadAttributes (System.Type[])

(Filename: Assets/ABI.CCK/Scripts/Editor/CCK_Init.cs Line: 67)

Mono: successfully reloaded assembly
- Completed reload, in  0.873 seconds
Domain Reload Profiling:
	ReloadAssembly (873ms)
		BeginReloadAssembly (140ms)
			ExecutionOrderSort (0ms)
			DisableScriptedObjects (5ms)
			BackupInstance (0ms)
			ReleaseScriptingObjects (0ms)
			CreateAndSetChildDomain (35ms)
		EndReloadAssembly (645ms)
			LoadAssemblies (90ms)
			RebuildTransferFunctionScriptingTraits (0ms)
			SetupTypeCache (219ms)
			ReleaseScriptCaches (1ms)
			RebuildScriptCaches (36ms)
			SetupLoadedEditorAssemblies (281ms)
				LogAssemblyErrors (0ms)
				InitializePlatformSupportModulesInManaged (5ms)
				SetLoadedEditorAssemblies (0ms)
				RefreshPlugins (1ms)
				BeforeProcessingInitializeOnLoad (67ms)
				ProcessInitializeOnLoadAttributes (187ms)
				ProcessInitializeOnLoadMethodAttributes (17ms)
				AfterProcessingInitializeOnLoad (4ms)
				EditorAssembliesLoaded (0ms)
			ExecutionOrderSort2 (0ms)
			AwakeInstancesAfterBackupRestoration (5ms)
Platform modules already initialized, skipping
Refreshing native plugins compatible for Editor in 1.36 ms, found 3 plugins.
Preloading 0 native plugins for Editor in 0.00 ms.
Unloading 3326 Unused Serialized files (Serialized files now loaded: 0)
Unloading 17 unused Assets / (24.6 KB). Loaded Objects now: 3899.
Memory consumption went from 124.9 MB to 124.9 MB.
Total: 2.124100 ms (FindLiveObjects: 0.207300 ms CreateObjectMapping: 0.068500 ms MarkObjects: 1.829500 ms  DeleteObjects: 0.018200 ms)

AssetImportParameters requested are different than current active one (requested -> active):
  custom:video-decoder-ogg-theora: a1e56fd34408186e4bbccfd4996cb3dc -> 
  custom:container-muxer-webm: aa71ff27fc2769a1b78a27578f13a17b -> 
  custom:container-demuxer-webm: 4f35f7cbe854078d1ac9338744f61a02 -> 
  custom:video-encoder-webm-vp8: eb34c28f22e8b96e1ab97ce403110664 -> 
  custom:audio-encoder-webm-vorbis: bf7c407c2cedff20999df2af8eb42d56 -> 
  custom:framework-win-MediaFoundation: 216162199b28c13a410421893ffa2e32 -> 
  custom:container-demuxer-ogg: 62fdf1f143b41e24485cea50d1cbac27 -> 
  custom:video-decoder-webm-vp8: 9c59270c3fd7afecdb556c50c9e8de78 -> 
  custom:audio-decoder-ogg-vorbis: bf7c407c2cedff20999df2af8eb42d56 -> 
========================================================================
Received Import Request.
  Time since last request: 5.428605 seconds.
  path: Assets/PlayerH/SongDisplayManager.cs
  artifactKey: Guid(6371908d6211f8b478904a0bfd82b716) Importer(815301076,1909f56bfc062723c751e8b465ee728b)
Start importing Assets/PlayerH/SongDisplayManager.cs using Guid(6371908d6211f8b478904a0bfd82b716) Importer(815301076,1909f56bfc062723c751e8b465ee728b)  -> (artifact id: '5fcd00175be55a6540b939433988a89e') in 0.006538 seconds 
========================================================================
Received Prepare
Registering precompiled user dll's ...
Registered in 0.003096 seconds.
Begin MonoManager ReloadAssembly
Symbol file LoadedFromMemory doesn't match image F:\Projects\GIT_Projects\CVR_Mods\VRBattery\UnityProject\[CVR_MOD]_VRBatteryIndicator\Library\PackageCache\com.unity.visualscripting@1.8.0\Editor\VisualScripting.Core\Dependencies\YamlDotNet\Unity.VisualScripting.YamlDotNet.dll
Symbol file LoadedFromMemory doesn't match image F:\Projects\GIT_Projects\CVR_Mods\VRBattery\UnityProject\[CVR_MOD]_VRBatteryIndicator\Library\PackageCache\com.unity.visualscripting@1.8.0\Editor\VisualScripting.Core\Dependencies\DotNetZip\Unity.VisualScripting.IonicZip.dll
Native extension for WindowsStandalone target not found
Refreshing native plugins compatible for Editor in 0.54 ms, found 3 plugins.
Preloading 0 native plugins for Editor in 0.00 ms.
[CCK :: OpenXR Configurator] Skipped configuration. CCK not found or not set to Android.
UnityEngine.StackTraceUtility:ExtractStackTrace ()
UnityEngine.DebugLogHandler:LogFormat (UnityEngine.LogType,UnityEngine.Object,string,object[])
UnityEngine.Logger:Log (UnityEngine.LogType,object)
UnityEngine.Debug:Log (object)
ABI.CCK.Dependencies.OpenXR.OpenXR_Configurator:RunConfiguration () (at Assets/ABI.CCK/Dependencies/OpenXR/OpenXR_Configurator.cs:33)
ABI.CCK.Dependencies.OpenXR.OpenXR_Configurator:.cctor () (at Assets/ABI.CCK/Dependencies/OpenXR/OpenXR_Configurator.cs:22)
System.Runtime.CompilerServices.RuntimeHelpers:RunClassConstructor (System.RuntimeTypeHandle)
UnityEditor.EditorAssemblies:ProcessInitializeOnLoadAttributes (System.Type[])

(Filename: Assets/ABI.CCK/Dependencies/OpenXR/OpenXR_Configurator.cs Line: 33)

[CCK :: OpenXR Configurator] If you are troubleshooting, try forcing a reimport using 'Alpha Blend Interactive/Utilities/Refresh CCK'.
UnityEngine.StackTraceUtility:ExtractStackTrace ()
UnityEngine.DebugLogHandler:LogFormat (UnityEngine.LogType,UnityEngine.Object,string,object[])
UnityEngine.Logger:Log (UnityEngine.LogType,object)
UnityEngine.Debug:Log (object)
ABI.CCK.Dependencies.OpenXR.OpenXR_Configurator:RunConfiguration () (at Assets/ABI.CCK/Dependencies/OpenXR/OpenXR_Configurator.cs:34)
ABI.CCK.Dependencies.OpenXR.OpenXR_Configurator:.cctor () (at Assets/ABI.CCK/Dependencies/OpenXR/OpenXR_Configurator.cs:22)
System.Runtime.CompilerServices.RuntimeHelpers:RunClassConstructor (System.RuntimeTypeHandle)
UnityEditor.EditorAssemblies:ProcessInitializeOnLoadAttributes (System.Type[])

(Filename: Assets/ABI.CCK/Dependencies/OpenXR/OpenXR_Configurator.cs Line: 34)

[CCK:Init] XR and render settings have to be changed. Now changing.
UnityEngine.StackTraceUtility:ExtractStackTrace ()
UnityEngine.DebugLogHandler:LogFormat (UnityEngine.LogType,UnityEngine.Object,string,object[])
UnityEngine.Logger:Log (UnityEngine.LogType,object)
UnityEngine.Debug:Log (object)
CCK_Init:.cctor () (at Assets/ABI.CCK/Scripts/Editor/CCK_Init.cs:40)
System.Runtime.CompilerServices.RuntimeHelpers:RunClassConstructor (System.RuntimeTypeHandle)
UnityEditor.EditorAssemblies:ProcessInitializeOnLoadAttributes (System.Type[])

(Filename: Assets/ABI.CCK/Scripts/Editor/CCK_Init.cs Line: 40)

[CCK:Init] Verified TagManager and ProjectSettings. No need to readjust.
UnityEngine.StackTraceUtility:ExtractStackTrace ()
UnityEngine.DebugLogHandler:LogFormat (UnityEngine.LogType,UnityEngine.Object,string,object[])
UnityEngine.Logger:Log (UnityEngine.LogType,object)
UnityEngine.Debug:Log (object)
CCK_Init:.cctor () (at Assets/ABI.CCK/Scripts/Editor/CCK_Init.cs:67)
System.Runtime.CompilerServices.RuntimeHelpers:RunClassConstructor (System.RuntimeTypeHandle)
UnityEditor.EditorAssemblies:ProcessInitializeOnLoadAttributes (System.Type[])

(Filename: Assets/ABI.CCK/Scripts/Editor/CCK_Init.cs Line: 67)

Mono: successfully reloaded assembly
- Completed reload, in  0.849 seconds
Domain Reload Profiling:
	ReloadAssembly (850ms)
		BeginReloadAssembly (130ms)
			ExecutionOrderSort (0ms)
			DisableScriptedObjects (5ms)
			BackupInstance (0ms)
			ReleaseScriptingObjects (0ms)
			CreateAndSetChildDomain (37ms)
		EndReloadAssembly (639ms)
			LoadAssemblies (76ms)
			RebuildTransferFunctionScriptingTraits (0ms)
			SetupTypeCache (218ms)
			ReleaseScriptCaches (1ms)
			RebuildScriptCaches (36ms)
			SetupLoadedEditorAssemblies (283ms)
				LogAssemblyErrors (0ms)
				InitializePlatformSupportModulesInManaged (4ms)
				SetLoadedEditorAssemblies (0ms)
				RefreshPlugins (1ms)
				BeforeProcessingInitializeOnLoad (54ms)
				ProcessInitializeOnLoadAttributes (200ms)
				ProcessInitializeOnLoadMethodAttributes (18ms)
				AfterProcessingInitializeOnLoad (5ms)
				EditorAssembliesLoaded (0ms)
			ExecutionOrderSort2 (0ms)
			AwakeInstancesAfterBackupRestoration (5ms)
Platform modules already initialized, skipping
Refreshing native plugins compatible for Editor in 1.47 ms, found 3 plugins.
Preloading 0 native plugins for Editor in 0.00 ms.
Unloading 3325 Unused Serialized files (Serialized files now loaded: 0)
Unloading 17 unused Assets / (24.7 KB). Loaded Objects now: 3901.
Memory consumption went from 124.9 MB to 124.9 MB.
Total: 2.428400 ms (FindLiveObjects: 0.277800 ms CreateObjectMapping: 0.115900 ms MarkObjects: 2.015300 ms  DeleteObjects: 0.018700 ms)

AssetImportParameters requested are different than current active one (requested -> active):
  custom:video-decoder-ogg-theora: a1e56fd34408186e4bbccfd4996cb3dc -> 
  custom:container-muxer-webm: aa71ff27fc2769a1b78a27578f13a17b -> 
  custom:container-demuxer-webm: 4f35f7cbe854078d1ac9338744f61a02 -> 
  custom:video-encoder-webm-vp8: eb34c28f22e8b96e1ab97ce403110664 -> 
  custom:audio-encoder-webm-vorbis: bf7c407c2cedff20999df2af8eb42d56 -> 
  custom:framework-win-MediaFoundation: 216162199b28c13a410421893ffa2e32 -> 
  custom:container-demuxer-ogg: 62fdf1f143b41e24485cea50d1cbac27 -> 
  custom:video-decoder-webm-vp8: 9c59270c3fd7afecdb556c50c9e8de78 -> 
  custom:audio-decoder-ogg-vorbis: bf7c407c2cedff20999df2af8eb42d56 -> 
========================================================================
Received Import Request.
  Time since last request: 84.875584 seconds.
  path: Assets/Scenes
  artifactKey: Guid(6ea315d0fd7389c41b19996891e99ae3) Importer(815301076,1909f56bfc062723c751e8b465ee728b)
Start importing Assets/Scenes using Guid(6ea315d0fd7389c41b19996891e99ae3) Importer(815301076,1909f56bfc062723c751e8b465ee728b)  -> (artifact id: 'b8193726cff86800c54781cdc6d54904') in 0.007142 seconds 
========================================================================
Received Import Request.
  Time since last request: 4.724101 seconds.
  path: Assets/AssetBundless_browser/Editor/Unity.AssetBundleBrowser.Editor.asmdef
  artifactKey: Guid(c4b8fc492eac8184fb9a42684cf8c464) Importer(815301076,1909f56bfc062723c751e8b465ee728b)
Start importing Assets/AssetBundless_browser/Editor/Unity.AssetBundleBrowser.Editor.asmdef using Guid(c4b8fc492eac8184fb9a42684cf8c464) Importer(815301076,1909f56bfc062723c751e8b465ee728b)  -> (artifact id: '783b9798cb630975fe49d2e17da55850') in 0.002232 seconds 
========================================================================
Received Import Request.
  Time since last request: 12.167660 seconds.
  path: Assets/AssetBundless_browser/Editor/Icons/ABundleBrowserIconY1756Basic.png
  artifactKey: Guid(e0af1b5107fe5c2428026d9f032c64c0) Importer(815301076,1909f56bfc062723c751e8b465ee728b)
Start importing Assets/AssetBundless_browser/Editor/Icons/ABundleBrowserIconY1756Basic.png using Guid(e0af1b5107fe5c2428026d9f032c64c0) Importer(815301076,1909f56bfc062723c751e8b465ee728b)  -> (artifact id: '3f368f25f18dc1c4838e7cab7069af5c') in 0.068672 seconds 
========================================================================
Received Import Request.
  Time since last request: 3.894338 seconds.
  path: Assets/AssetBundless_browser/Documentation/images/ABundleBrowserIconY1756Basic.png
  artifactKey: Guid(521ac7d05d42f41408ec95eaedef87cd) Importer(815301076,1909f56bfc062723c751e8b465ee728b)
Start importing Assets/AssetBundless_browser/Documentation/images/ABundleBrowserIconY1756Basic.png using Guid(521ac7d05d42f41408ec95eaedef87cd) Importer(815301076,1909f56bfc062723c751e8b465ee728b)  -> (artifact id: '3cfa67bfb97eddae0cfd2e7e0de4828a') in 0.004073 seconds 
========================================================================
Received Import Request.
  Time since last request: 0.000024 seconds.
  path: Assets/AssetBundless_browser/Documentation/images/browser_header.png
  artifactKey: Guid(18223d49715730347b997e6682fe49e5) Importer(815301076,1909f56bfc062723c751e8b465ee728b)
Start importing Assets/AssetBundless_browser/Documentation/images/browser_header.png using Guid(18223d49715730347b997e6682fe49e5) Importer(815301076,1909f56bfc062723c751e8b465ee728b)  -> (artifact id: '62e3d33187c65bc7c743ebc5d93263c1') in 0.009523 seconds 
========================================================================
Received Import Request.
  Time since last request: 19.442382 seconds.
  path: Assets/VRBatteryIndicator.prefab
  artifactKey: Guid(089d0c624be6643488e4c6f33d7cbb19) Importer(815301076,1909f56bfc062723c751e8b465ee728b)
Start importing Assets/VRBatteryIndicator.prefab using Guid(089d0c624be6643488e4c6f33d7cbb19) Importer(815301076,1909f56bfc062723c751e8b465ee728b)  -> (artifact id: 'bd7d50e9736bab3686a425c749a5b982') in 0.013848 seconds 
========================================================================
Received Prepare
Refreshing native plugins compatible for Editor in 3.20 ms, found 3 plugins.
Preloading 0 native plugins for Editor in 0.00 ms.
Unloading 16 Unused Serialized files (Serialized files now loaded: 0)
Unloading 17 unused Assets / (22.6 KB). Loaded Objects now: 3903.
Memory consumption went from 56.8 MB to 56.8 MB.
Total: 3.703800 ms (FindLiveObjects: 0.389800 ms CreateObjectMapping: 0.129400 ms MarkObjects: 3.107500 ms  DeleteObjects: 0.076300 ms)

AssetImportParameters requested are different than current active one (requested -> active):
  custom:video-decoder-ogg-theora: a1e56fd34408186e4bbccfd4996cb3dc -> 
  custom:container-muxer-webm: aa71ff27fc2769a1b78a27578f13a17b -> 
  custom:container-demuxer-webm: 4f35f7cbe854078d1ac9338744f61a02 -> 
  custom:video-encoder-webm-vp8: eb34c28f22e8b96e1ab97ce403110664 -> 
  custom:audio-encoder-webm-vorbis: bf7c407c2cedff20999df2af8eb42d56 -> 
  custom:framework-win-MediaFoundation: 216162199b28c13a410421893ffa2e32 -> 
  custom:container-demuxer-ogg: 62fdf1f143b41e24485cea50d1cbac27 -> 
  custom:video-decoder-webm-vp8: 9c59270c3fd7afecdb556c50c9e8de78 -> 
  custom:audio-decoder-ogg-vorbis: bf7c407c2cedff20999df2af8eb42d56 -> 
========================================================================
Received Prepare
Refreshing native plugins compatible for Editor in 3.59 ms, found 3 plugins.
Preloading 0 native plugins for Editor in 0.00 ms.
Unloading 16 Unused Serialized files (Serialized files now loaded: 0)
Unloading 16 unused Assets / (21.9 KB). Loaded Objects now: 3903.
Memory consumption went from 56.8 MB to 56.8 MB.
Total: 3.586500 ms (FindLiveObjects: 0.375000 ms CreateObjectMapping: 0.079100 ms MarkObjects: 3.112900 ms  DeleteObjects: 0.018600 ms)

AssetImportParameters requested are different than current active one (requested -> active):
  custom:video-decoder-ogg-theora: a1e56fd34408186e4bbccfd4996cb3dc -> 
  custom:container-muxer-webm: aa71ff27fc2769a1b78a27578f13a17b -> 
  custom:container-demuxer-webm: 4f35f7cbe854078d1ac9338744f61a02 -> 
  custom:video-encoder-webm-vp8: eb34c28f22e8b96e1ab97ce403110664 -> 
  custom:audio-encoder-webm-vorbis: bf7c407c2cedff20999df2af8eb42d56 -> 
  custom:framework-win-MediaFoundation: 216162199b28c13a410421893ffa2e32 -> 
  custom:container-demuxer-ogg: 62fdf1f143b41e24485cea50d1cbac27 -> 
  custom:video-decoder-webm-vp8: 9c59270c3fd7afecdb556c50c9e8de78 -> 
  custom:audio-decoder-ogg-vorbis: bf7c407c2cedff20999df2af8eb42d56 -> 
========================================================================
Received Prepare
Refreshing native plugins compatible for Editor in 2.61 ms, found 3 plugins.
Preloading 0 native plugins for Editor in 0.00 ms.
Unloading 16 Unused Serialized files (Serialized files now loaded: 0)
Unloading 16 unused Assets / (21.9 KB). Loaded Objects now: 3903.
Memory consumption went from 56.8 MB to 56.8 MB.
Total: 3.826200 ms (FindLiveObjects: 0.253400 ms CreateObjectMapping: 0.078100 ms MarkObjects: 3.478800 ms  DeleteObjects: 0.015300 ms)

AssetImportParameters requested are different than current active one (requested -> active):
  custom:video-decoder-ogg-theora: a1e56fd34408186e4bbccfd4996cb3dc -> 
  custom:container-muxer-webm: aa71ff27fc2769a1b78a27578f13a17b -> 
  custom:container-demuxer-webm: 4f35f7cbe854078d1ac9338744f61a02 -> 
  custom:video-encoder-webm-vp8: eb34c28f22e8b96e1ab97ce403110664 -> 
  custom:audio-encoder-webm-vorbis: bf7c407c2cedff20999df2af8eb42d56 -> 
  custom:framework-win-MediaFoundation: 216162199b28c13a410421893ffa2e32 -> 
  custom:container-demuxer-ogg: 62fdf1f143b41e24485cea50d1cbac27 -> 
  custom:video-decoder-webm-vp8: 9c59270c3fd7afecdb556c50c9e8de78 -> 
  custom:audio-decoder-ogg-vorbis: bf7c407c2cedff20999df2af8eb42d56 -> 
========================================================================
Received Prepare
Refreshing native plugins compatible for Editor in 4.06 ms, found 3 plugins.
Preloading 0 native plugins for Editor in 0.00 ms.
Unloading 16 Unused Serialized files (Serialized files now loaded: 0)
Unloading 16 unused Assets / (21.9 KB). Loaded Objects now: 3903.
Memory consumption went from 56.8 MB to 56.8 MB.
Total: 3.818800 ms (FindLiveObjects: 0.376800 ms CreateObjectMapping: 0.103500 ms MarkObjects: 3.317300 ms  DeleteObjects: 0.020400 ms)

AssetImportParameters requested are different than current active one (requested -> active):
  custom:video-decoder-ogg-theora: a1e56fd34408186e4bbccfd4996cb3dc -> 
  custom:container-muxer-webm: aa71ff27fc2769a1b78a27578f13a17b -> 
  custom:container-demuxer-webm: 4f35f7cbe854078d1ac9338744f61a02 -> 
  custom:video-encoder-webm-vp8: eb34c28f22e8b96e1ab97ce403110664 -> 
  custom:audio-encoder-webm-vorbis: bf7c407c2cedff20999df2af8eb42d56 -> 
  custom:framework-win-MediaFoundation: 216162199b28c13a410421893ffa2e32 -> 
  custom:container-demuxer-ogg: 62fdf1f143b41e24485cea50d1cbac27 -> 
  custom:video-decoder-webm-vp8: 9c59270c3fd7afecdb556c50c9e8de78 -> 
  custom:audio-decoder-ogg-vorbis: bf7c407c2cedff20999df2af8eb42d56 -> 
========================================================================
Received Prepare
Refreshing native plugins compatible for Editor in 3.22 ms, found 3 plugins.
Preloading 0 native plugins for Editor in 0.00 ms.
Unloading 16 Unused Serialized files (Serialized files now loaded: 0)
Unloading 16 unused Assets / (21.9 KB). Loaded Objects now: 3903.
Memory consumption went from 56.8 MB to 56.8 MB.
Total: 2.979300 ms (FindLiveObjects: 0.218100 ms CreateObjectMapping: 0.079400 ms MarkObjects: 2.667200 ms  DeleteObjects: 0.014100 ms)

AssetImportParameters requested are different than current active one (requested -> active):
  custom:video-decoder-ogg-theora: a1e56fd34408186e4bbccfd4996cb3dc -> 
  custom:container-muxer-webm: aa71ff27fc2769a1b78a27578f13a17b -> 
  custom:container-demuxer-webm: 4f35f7cbe854078d1ac9338744f61a02 -> 
  custom:video-encoder-webm-vp8: eb34c28f22e8b96e1ab97ce403110664 -> 
  custom:audio-encoder-webm-vorbis: bf7c407c2cedff20999df2af8eb42d56 -> 
  custom:framework-win-MediaFoundation: 216162199b28c13a410421893ffa2e32 -> 
  custom:container-demuxer-ogg: 62fdf1f143b41e24485cea50d1cbac27 -> 
  custom:video-decoder-webm-vp8: 9c59270c3fd7afecdb556c50c9e8de78 -> 
  custom:audio-decoder-ogg-vorbis: bf7c407c2cedff20999df2af8eb42d56 -> 
========================================================================
Received Prepare
Refreshing native plugins compatible for Editor in 2.25 ms, found 3 plugins.
Preloading 0 native plugins for Editor in 0.00 ms.
Unloading 16 Unused Serialized files (Serialized files now loaded: 0)
Unloading 16 unused Assets / (21.9 KB). Loaded Objects now: 3903.
Memory consumption went from 56.8 MB to 56.8 MB.
Total: 2.550200 ms (FindLiveObjects: 0.236000 ms CreateObjectMapping: 0.077000 ms MarkObjects: 2.224900 ms  DeleteObjects: 0.011800 ms)

AssetImportParameters requested are different than current active one (requested -> active):
  custom:video-decoder-ogg-theora: a1e56fd34408186e4bbccfd4996cb3dc -> 
  custom:container-muxer-webm: aa71ff27fc2769a1b78a27578f13a17b -> 
  custom:container-demuxer-webm: 4f35f7cbe854078d1ac9338744f61a02 -> 
  custom:video-encoder-webm-vp8: eb34c28f22e8b96e1ab97ce403110664 -> 
  custom:audio-encoder-webm-vorbis: bf7c407c2cedff20999df2af8eb42d56 -> 
  custom:framework-win-MediaFoundation: 216162199b28c13a410421893ffa2e32 -> 
  custom:container-demuxer-ogg: 62fdf1f143b41e24485cea50d1cbac27 -> 
  custom:video-decoder-webm-vp8: 9c59270c3fd7afecdb556c50c9e8de78 -> 
  custom:audio-decoder-ogg-vorbis: bf7c407c2cedff20999df2af8eb42d56 -> 
========================================================================
Received Prepare
Refreshing native plugins compatible for Editor in 3.90 ms, found 3 plugins.
Preloading 0 native plugins for Editor in 0.00 ms.
Unloading 16 Unused Serialized files (Serialized files now loaded: 0)
Unloading 16 unused Assets / (21.9 KB). Loaded Objects now: 3903.
Memory consumption went from 56.8 MB to 56.8 MB.
Total: 4.185900 ms (FindLiveObjects: 0.384700 ms CreateObjectMapping: 0.113200 ms MarkObjects: 3.666100 ms  DeleteObjects: 0.021200 ms)

AssetImportParameters requested are different than current active one (requested -> active):
  custom:video-decoder-ogg-theora: a1e56fd34408186e4bbccfd4996cb3dc -> 
  custom:container-muxer-webm: aa71ff27fc2769a1b78a27578f13a17b -> 
  custom:container-demuxer-webm: 4f35f7cbe854078d1ac9338744f61a02 -> 
  custom:video-encoder-webm-vp8: eb34c28f22e8b96e1ab97ce403110664 -> 
  custom:audio-encoder-webm-vorbis: bf7c407c2cedff20999df2af8eb42d56 -> 
  custom:framework-win-MediaFoundation: 216162199b28c13a410421893ffa2e32 -> 
  custom:container-demuxer-ogg: 62fdf1f143b41e24485cea50d1cbac27 -> 
  custom:video-decoder-webm-vp8: 9c59270c3fd7afecdb556c50c9e8de78 -> 
  custom:audio-decoder-ogg-vorbis: bf7c407c2cedff20999df2af8eb42d56 -> 
========================================================================
Received Prepare
Refreshing native plugins compatible for Editor in 2.34 ms, found 3 plugins.
Preloading 0 native plugins for Editor in 0.00 ms.
Unloading 16 Unused Serialized files (Serialized files now loaded: 0)
Unloading 16 unused Assets / (21.9 KB). Loaded Objects now: 3903.
Memory consumption went from 56.8 MB to 56.8 MB.
Total: 3.012500 ms (FindLiveObjects: 0.224400 ms CreateObjectMapping: 0.076500 ms MarkObjects: 2.697800 ms  DeleteObjects: 0.013200 ms)

AssetImportParameters requested are different than current active one (requested -> active):
  custom:video-decoder-ogg-theora: a1e56fd34408186e4bbccfd4996cb3dc -> 
  custom:container-muxer-webm: aa71ff27fc2769a1b78a27578f13a17b -> 
  custom:container-demuxer-webm: 4f35f7cbe854078d1ac9338744f61a02 -> 
  custom:video-encoder-webm-vp8: eb34c28f22e8b96e1ab97ce403110664 -> 
  custom:audio-encoder-webm-vorbis: bf7c407c2cedff20999df2af8eb42d56 -> 
  custom:framework-win-MediaFoundation: 216162199b28c13a410421893ffa2e32 -> 
  custom:container-demuxer-ogg: 62fdf1f143b41e24485cea50d1cbac27 -> 
  custom:video-decoder-webm-vp8: 9c59270c3fd7afecdb556c50c9e8de78 -> 
  custom:audio-decoder-ogg-vorbis: bf7c407c2cedff20999df2af8eb42d56 -> 
========================================================================
Received Prepare
Refreshing native plugins compatible for Editor in 2.60 ms, found 3 plugins.
Preloading 0 native plugins for Editor in 0.00 ms.
Unloading 16 Unused Serialized files (Serialized files now loaded: 0)
Unloading 16 unused Assets / (21.9 KB). Loaded Objects now: 3903.
Memory consumption went from 56.8 MB to 56.8 MB.
Total: 3.496600 ms (FindLiveObjects: 0.212200 ms CreateObjectMapping: 0.079400 ms MarkObjects: 3.190300 ms  DeleteObjects: 0.013800 ms)

AssetImportParameters requested are different than current active one (requested -> active):
  custom:video-decoder-ogg-theora: a1e56fd34408186e4bbccfd4996cb3dc -> 
  custom:container-muxer-webm: aa71ff27fc2769a1b78a27578f13a17b -> 
  custom:container-demuxer-webm: 4f35f7cbe854078d1ac9338744f61a02 -> 
  custom:video-encoder-webm-vp8: eb34c28f22e8b96e1ab97ce403110664 -> 
  custom:audio-encoder-webm-vorbis: bf7c407c2cedff20999df2af8eb42d56 -> 
  custom:framework-win-MediaFoundation: 216162199b28c13a410421893ffa2e32 -> 
  custom:container-demuxer-ogg: 62fdf1f143b41e24485cea50d1cbac27 -> 
  custom:video-decoder-webm-vp8: 9c59270c3fd7afecdb556c50c9e8de78 -> 
  custom:audio-decoder-ogg-vorbis: bf7c407c2cedff20999df2af8eb42d56 -> 
========================================================================
Received Prepare
Refreshing native plugins compatible for Editor in 2.99 ms, found 3 plugins.
Preloading 0 native plugins for Editor in 0.00 ms.
Unloading 16 Unused Serialized files (Serialized files now loaded: 0)
Unloading 16 unused Assets / (21.9 KB). Loaded Objects now: 3903.
Memory consumption went from 56.8 MB to 56.8 MB.
Total: 3.164100 ms (FindLiveObjects: 0.289300 ms CreateObjectMapping: 0.101400 ms MarkObjects: 2.751400 ms  DeleteObjects: 0.021400 ms)

AssetImportParameters requested are different than current active one (requested -> active):
  custom:video-decoder-ogg-theora: a1e56fd34408186e4bbccfd4996cb3dc -> 
  custom:container-muxer-webm: aa71ff27fc2769a1b78a27578f13a17b -> 
  custom:container-demuxer-webm: 4f35f7cbe854078d1ac9338744f61a02 -> 
  custom:video-encoder-webm-vp8: eb34c28f22e8b96e1ab97ce403110664 -> 
  custom:audio-encoder-webm-vorbis: bf7c407c2cedff20999df2af8eb42d56 -> 
  custom:framework-win-MediaFoundation: 216162199b28c13a410421893ffa2e32 -> 
  custom:container-demuxer-ogg: 62fdf1f143b41e24485cea50d1cbac27 -> 
  custom:video-decoder-webm-vp8: 9c59270c3fd7afecdb556c50c9e8de78 -> 
  custom:audio-decoder-ogg-vorbis: bf7c407c2cedff20999df2af8eb42d56 -> 
========================================================================
Received Prepare
Refreshing native plugins compatible for Editor in 2.50 ms, found 3 plugins.
Preloading 0 native plugins for Editor in 0.00 ms.
Unloading 16 Unused Serialized files (Serialized files now loaded: 0)
Unloading 16 unused Assets / (21.9 KB). Loaded Objects now: 3903.
Memory consumption went from 56.8 MB to 56.8 MB.
Total: 2.923000 ms (FindLiveObjects: 0.360000 ms CreateObjectMapping: 0.113900 ms MarkObjects: 2.428000 ms  DeleteObjects: 0.020500 ms)

AssetImportParameters requested are different than current active one (requested -> active):
  custom:video-decoder-ogg-theora: a1e56fd34408186e4bbccfd4996cb3dc -> 
  custom:container-muxer-webm: aa71ff27fc2769a1b78a27578f13a17b -> 
  custom:container-demuxer-webm: 4f35f7cbe854078d1ac9338744f61a02 -> 
  custom:video-encoder-webm-vp8: eb34c28f22e8b96e1ab97ce403110664 -> 
  custom:audio-encoder-webm-vorbis: bf7c407c2cedff20999df2af8eb42d56 -> 
  custom:framework-win-MediaFoundation: 216162199b28c13a410421893ffa2e32 -> 
  custom:container-demuxer-ogg: 62fdf1f143b41e24485cea50d1cbac27 -> 
  custom:video-decoder-webm-vp8: 9c59270c3fd7afecdb556c50c9e8de78 -> 
  custom:audio-decoder-ogg-vorbis: bf7c407c2cedff20999df2af8eb42d56 -> 
========================================================================
Received Prepare
Refreshing native plugins compatible for Editor in 2.44 ms, found 3 plugins.
Preloading 0 native plugins for Editor in 0.00 ms.
Unloading 16 Unused Serialized files (Serialized files now loaded: 0)
Unloading 16 unused Assets / (21.9 KB). Loaded Objects now: 3903.
Memory consumption went from 56.8 MB to 56.8 MB.
Total: 3.747300 ms (FindLiveObjects: 0.214300 ms CreateObjectMapping: 0.105400 ms MarkObjects: 3.414400 ms  DeleteObjects: 0.012500 ms)

AssetImportParameters requested are different than current active one (requested -> active):
  custom:video-decoder-ogg-theora: a1e56fd34408186e4bbccfd4996cb3dc -> 
  custom:container-muxer-webm: aa71ff27fc2769a1b78a27578f13a17b -> 
  custom:container-demuxer-webm: 4f35f7cbe854078d1ac9338744f61a02 -> 
  custom:video-encoder-webm-vp8: eb34c28f22e8b96e1ab97ce403110664 -> 
  custom:audio-encoder-webm-vorbis: bf7c407c2cedff20999df2af8eb42d56 -> 
  custom:framework-win-MediaFoundation: 216162199b28c13a410421893ffa2e32 -> 
  custom:container-demuxer-ogg: 62fdf1f143b41e24485cea50d1cbac27 -> 
  custom:video-decoder-webm-vp8: 9c59270c3fd7afecdb556c50c9e8de78 -> 
  custom:audio-decoder-ogg-vorbis: bf7c407c2cedff20999df2af8eb42d56 -> 
